<?xml version="1.0" encoding="UTF-8"?>
<testsuite name="com.mindhub.homebanking.HomebankingApplicationTests" tests="1" skipped="0" failures="0" errors="0" timestamp="2021-12-09T12:34:10" hostname="DESKTOP-VJM2ENL" time="0.012">
  <properties/>
  <testcase name="contextLoads()" classname="com.mindhub.homebanking.HomebankingApplicationTests" time="0.012"/>
  <system-out><![CDATA[2021-12-09 09:34:10.952  INFO 2684 --- [    Test worker] .b.t.c.SpringBootTestContextBootstrapper : Neither @ContextConfiguration nor @ContextHierarchy found for test class [com.mindhub.homebanking.HomebankingApplicationTests], using SpringBootContextLoader
2021-12-09 09:34:10.956  INFO 2684 --- [    Test worker] o.s.t.c.support.AbstractContextLoader    : Could not detect default resource locations for test class [com.mindhub.homebanking.HomebankingApplicationTests]: no resource found for suffixes {-context.xml, Context.groovy}.
2021-12-09 09:34:10.957  INFO 2684 --- [    Test worker] t.c.s.AnnotationConfigContextLoaderUtils : Could not detect default configuration classes for test class [com.mindhub.homebanking.HomebankingApplicationTests]: HomebankingApplicationTests does not declare any static, non-private, non-final, nested classes annotated with @Configuration.
2021-12-09 09:34:10.963  INFO 2684 --- [    Test worker] .b.t.c.SpringBootTestContextBootstrapper : Found @SpringBootConfiguration com.mindhub.homebanking.HomebankingApplication for test class com.mindhub.homebanking.HomebankingApplicationTests
2021-12-09 09:34:10.970  INFO 2684 --- [    Test worker] .b.t.c.SpringBootTestContextBootstrapper : Loaded default TestExecutionListener class names from location [META-INF/spring.factories]: [org.springframework.boot.test.autoconfigure.restdocs.RestDocsTestExecutionListener, org.springframework.boot.test.autoconfigure.web.client.MockRestServiceServerResetTestExecutionListener, org.springframework.boot.test.autoconfigure.web.servlet.MockMvcPrintOnlyOnFailureTestExecutionListener, org.springframework.boot.test.autoconfigure.web.servlet.WebDriverTestExecutionListener, org.springframework.boot.test.autoconfigure.webservices.client.MockWebServiceServerTestExecutionListener, org.springframework.boot.test.mock.mockito.MockitoTestExecutionListener, org.springframework.boot.test.mock.mockito.ResetMocksTestExecutionListener, org.springframework.test.context.web.ServletTestExecutionListener, org.springframework.test.context.support.DirtiesContextBeforeModesTestExecutionListener, org.springframework.test.context.event.ApplicationEventsTestExecutionListener, org.springframework.test.context.support.DependencyInjectionTestExecutionListener, org.springframework.test.context.support.DirtiesContextTestExecutionListener, org.springframework.test.context.transaction.TransactionalTestExecutionListener, org.springframework.test.context.jdbc.SqlScriptsTestExecutionListener, org.springframework.test.context.event.EventPublishingTestExecutionListener]
2021-12-09 09:34:10.972  INFO 2684 --- [    Test worker] .b.t.c.SpringBootTestContextBootstrapper : Using TestExecutionListeners: [org.springframework.test.context.web.ServletTestExecutionListener@60e5d7e7, org.springframework.test.context.support.DirtiesContextBeforeModesTestExecutionListener@1da12fda, org.springframework.test.context.event.ApplicationEventsTestExecutionListener@4b8a0d3f, org.springframework.boot.test.mock.mockito.MockitoTestExecutionListener@4610c534, org.springframework.boot.test.autoconfigure.SpringBootDependencyInjectionTestExecutionListener@80478fe, org.springframework.test.context.support.DirtiesContextTestExecutionListener@1ccf59db, org.springframework.test.context.transaction.TransactionalTestExecutionListener@7b74c88, org.springframework.test.context.jdbc.SqlScriptsTestExecutionListener@474e002f, org.springframework.test.context.event.EventPublishingTestExecutionListener@6ca643b0, org.springframework.boot.test.autoconfigure.restdocs.RestDocsTestExecutionListener@ac1ce7e, org.springframework.boot.test.autoconfigure.web.client.MockRestServiceServerResetTestExecutionListener@372f10a2, org.springframework.boot.test.autoconfigure.web.servlet.MockMvcPrintOnlyOnFailureTestExecutionListener@572110, org.springframework.boot.test.autoconfigure.web.servlet.WebDriverTestExecutionListener@5eb25969, org.springframework.boot.test.autoconfigure.webservices.client.MockWebServiceServerTestExecutionListener@5a04deff, org.springframework.boot.test.mock.mockito.ResetMocksTestExecutionListener@15e17f1d]
]]></system-out>
  <system-err><![CDATA[]]></system-err>
</testsuite>
