<?xml version="1.0" encoding="UTF-8"?>
<testsuite name="com.mindhub.homebanking.CardUtilsTests" tests="2" skipped="0" failures="0" errors="0" timestamp="2021-12-09T12:34:10" hostname="DESKTOP-VJM2ENL" time="0.236">
  <properties/>
  <testcase name="cardNumberHasValidLength()" classname="com.mindhub.homebanking.CardUtilsTests" time="0.216"/>
  <testcase name="cardNumberIsCreated()" classname="com.mindhub.homebanking.CardUtilsTests" time="0.019"/>
  <system-out><![CDATA[09:33:56.835 [Test worker] DEBUG org.springframework.test.context.BootstrapUtils - Instantiating CacheAwareContextLoaderDelegate from class [org.springframework.test.context.cache.DefaultCacheAwareContextLoaderDelegate]
09:33:56.861 [Test worker] DEBUG org.springframework.test.context.BootstrapUtils - Instantiating BootstrapContext using constructor [public org.springframework.test.context.support.DefaultBootstrapContext(java.lang.Class,org.springframework.test.context.CacheAwareContextLoaderDelegate)]
09:33:56.961 [Test worker] DEBUG org.springframework.test.context.BootstrapUtils - Instantiating TestContextBootstrapper for test class [com.mindhub.homebanking.CardUtilsTests] from class [org.springframework.boot.test.context.SpringBootTestContextBootstrapper]
09:33:56.981 [Test worker] INFO org.springframework.boot.test.context.SpringBootTestContextBootstrapper - Neither @ContextConfiguration nor @ContextHierarchy found for test class [com.mindhub.homebanking.CardUtilsTests], using SpringBootContextLoader
09:33:56.988 [Test worker] DEBUG org.springframework.test.context.support.AbstractContextLoader - Did not detect default resource location for test class [com.mindhub.homebanking.CardUtilsTests]: class path resource [com/mindhub/homebanking/CardUtilsTests-context.xml] does not exist
09:33:56.989 [Test worker] DEBUG org.springframework.test.context.support.AbstractContextLoader - Did not detect default resource location for test class [com.mindhub.homebanking.CardUtilsTests]: class path resource [com/mindhub/homebanking/CardUtilsTestsContext.groovy] does not exist
09:33:56.989 [Test worker] INFO org.springframework.test.context.support.AbstractContextLoader - Could not detect default resource locations for test class [com.mindhub.homebanking.CardUtilsTests]: no resource found for suffixes {-context.xml, Context.groovy}.
09:33:56.990 [Test worker] INFO org.springframework.test.context.support.AnnotationConfigContextLoaderUtils - Could not detect default configuration classes for test class [com.mindhub.homebanking.CardUtilsTests]: CardUtilsTests does not declare any static, non-private, non-final, nested classes annotated with @Configuration.
09:33:57.106 [Test worker] DEBUG org.springframework.test.context.support.ActiveProfilesUtils - Could not find an 'annotation declaring class' for annotation type [org.springframework.test.context.ActiveProfiles] and class [com.mindhub.homebanking.CardUtilsTests]
09:33:57.310 [Test worker] DEBUG org.springframework.context.annotation.ClassPathScanningCandidateComponentProvider - Identified candidate component class: file [C:\Users\Usuario\Desktop\backUpHomebanking\CarlosFarfanM3T2\CarlosFarfanM3T2\homebanking\homebanking\build\classes\java\main\com\mindhub\homebanking\HomebankingApplication.class]
09:33:57.314 [Test worker] INFO org.springframework.boot.test.context.SpringBootTestContextBootstrapper - Found @SpringBootConfiguration com.mindhub.homebanking.HomebankingApplication for test class com.mindhub.homebanking.CardUtilsTests
09:33:57.547 [Test worker] DEBUG org.springframework.boot.test.context.SpringBootTestContextBootstrapper - @TestExecutionListeners is not present for class [com.mindhub.homebanking.CardUtilsTests]: using defaults.
09:33:57.547 [Test worker] INFO org.springframework.boot.test.context.SpringBootTestContextBootstrapper - Loaded default TestExecutionListener class names from location [META-INF/spring.factories]: [org.springframework.boot.test.autoconfigure.restdocs.RestDocsTestExecutionListener, org.springframework.boot.test.autoconfigure.web.client.MockRestServiceServerResetTestExecutionListener, org.springframework.boot.test.autoconfigure.web.servlet.MockMvcPrintOnlyOnFailureTestExecutionListener, org.springframework.boot.test.autoconfigure.web.servlet.WebDriverTestExecutionListener, org.springframework.boot.test.autoconfigure.webservices.client.MockWebServiceServerTestExecutionListener, org.springframework.boot.test.mock.mockito.MockitoTestExecutionListener, org.springframework.boot.test.mock.mockito.ResetMocksTestExecutionListener, org.springframework.test.context.web.ServletTestExecutionListener, org.springframework.test.context.support.DirtiesContextBeforeModesTestExecutionListener, org.springframework.test.context.event.ApplicationEventsTestExecutionListener, org.springframework.test.context.support.DependencyInjectionTestExecutionListener, org.springframework.test.context.support.DirtiesContextTestExecutionListener, org.springframework.test.context.transaction.TransactionalTestExecutionListener, org.springframework.test.context.jdbc.SqlScriptsTestExecutionListener, org.springframework.test.context.event.EventPublishingTestExecutionListener]
09:33:57.580 [Test worker] INFO org.springframework.boot.test.context.SpringBootTestContextBootstrapper - Using TestExecutionListeners: [org.springframework.test.context.web.ServletTestExecutionListener@15903885, org.springframework.test.context.support.DirtiesContextBeforeModesTestExecutionListener@27328422, org.springframework.test.context.event.ApplicationEventsTestExecutionListener@211e6604, org.springframework.boot.test.mock.mockito.MockitoTestExecutionListener@64097d6c, org.springframework.boot.test.autoconfigure.SpringBootDependencyInjectionTestExecutionListener@70c92578, org.springframework.test.context.support.DirtiesContextTestExecutionListener@43e9acd7, org.springframework.test.context.transaction.TransactionalTestExecutionListener@1115cce8, org.springframework.test.context.jdbc.SqlScriptsTestExecutionListener@3e5821bb, org.springframework.test.context.event.EventPublishingTestExecutionListener@78321ed, org.springframework.boot.test.autoconfigure.restdocs.RestDocsTestExecutionListener@902bade, org.springframework.boot.test.autoconfigure.web.client.MockRestServiceServerResetTestExecutionListener@364f459a, org.springframework.boot.test.autoconfigure.web.servlet.MockMvcPrintOnlyOnFailureTestExecutionListener@49e5ef11, org.springframework.boot.test.autoconfigure.web.servlet.WebDriverTestExecutionListener@57773389, org.springframework.boot.test.autoconfigure.webservices.client.MockWebServiceServerTestExecutionListener@4bbfb7f3, org.springframework.boot.test.mock.mockito.ResetMocksTestExecutionListener@790588b]
09:33:57.590 [Test worker] DEBUG org.springframework.test.context.support.AbstractDirtiesContextTestExecutionListener - Before test class: context [DefaultTestContext@7f52a3a3 testClass = CardUtilsTests, testInstance = [null], testMethod = [null], testException = [null], mergedContextConfiguration = [WebMergedContextConfiguration@2866ef9d testClass = CardUtilsTests, locations = '{}', classes = '{class com.mindhub.homebanking.HomebankingApplication}', contextInitializerClasses = '[]', activeProfiles = '{}', propertySourceLocations = '{}', propertySourceProperties = '{org.springframework.boot.test.context.SpringBootTestContextBootstrapper=true}', contextCustomizers = set[org.springframework.boot.test.autoconfigure.actuate.metrics.MetricsExportContextCustomizerFactory$DisableMetricExportContextCustomizer@7d449ddc, org.springframework.boot.test.autoconfigure.properties.PropertyMappingContextCustomizer@0, org.springframework.boot.test.autoconfigure.web.servlet.WebDriverContextCustomizerFactory$Customizer@3c9df616, org.springframework.boot.test.context.filter.ExcludeFilterContextCustomizer@1f60f8ee, org.springframework.boot.test.json.DuplicateJsonObjectContextCustomizerFactory$DuplicateJsonObjectContextCustomizer@317fad0d, org.springframework.boot.test.mock.mockito.MockitoContextCustomizer@0, org.springframework.boot.test.web.client.TestRestTemplateContextCustomizer@3672a960, org.springframework.boot.test.context.SpringBootTestArgs@1, org.springframework.boot.test.context.SpringBootTestWebEnvironment@1a9ffff1], resourceBasePath = 'src/main/webapp', contextLoader = 'org.springframework.boot.test.context.SpringBootContextLoader', parent = [null]], attributes = map['org.springframework.test.context.web.ServletTestExecutionListener.activateListener' -> true]], class annotated with @DirtiesContext [false] with mode [null].
09:33:57.665 [Test worker] DEBUG org.springframework.test.context.support.TestPropertySourceUtils - Adding inlined properties to environment: {spring.jmx.enabled=false, org.springframework.boot.test.context.SpringBootTestContextBootstrapper=true}

  .   ____          _            __ _ _
 /\\ / ___'_ __ _ _(_)_ __  __ _ \ \ \ \
( ( )\___ | '_ | '_| | '_ \/ _` | \ \ \ \
 \\/  ___)| |_)| | | | | || (_| |  ) ) ) )
  '  |____| .__|_| |_|_| |_\__, | / / / /
 =========|_|==============|___/=/_/_/_/
 :: Spring Boot ::                (v2.5.4)

2021-12-09 09:33:58.279  INFO 2684 --- [    Test worker] com.mindhub.homebanking.CardUtilsTests   : Starting CardUtilsTests using Java 11.0.12 on DESKTOP-VJM2ENL with PID 2684 (started by Usuario in C:\Users\Usuario\Desktop\backUpHomebanking\CarlosFarfanM3T2\CarlosFarfanM3T2\homebanking\homebanking)
2021-12-09 09:33:58.289  INFO 2684 --- [    Test worker] com.mindhub.homebanking.CardUtilsTests   : No active profile set, falling back to default profiles: default
2021-12-09 09:34:00.638  INFO 2684 --- [    Test worker] .s.d.r.c.RepositoryConfigurationDelegate : Bootstrapping Spring Data JPA repositories in DEFAULT mode.
2021-12-09 09:34:00.851  INFO 2684 --- [    Test worker] .s.d.r.c.RepositoryConfigurationDelegate : Finished Spring Data repository scanning in 191 ms. Found 6 JPA repository interfaces.
2021-12-09 09:34:02.573  INFO 2684 --- [    Test worker] o.hibernate.jpa.internal.util.LogHelper  : HHH000204: Processing PersistenceUnitInfo [name: default]
2021-12-09 09:34:02.764  INFO 2684 --- [    Test worker] org.hibernate.Version                    : HHH000412: Hibernate ORM core version 5.4.32.Final
2021-12-09 09:34:03.221  INFO 2684 --- [    Test worker] o.hibernate.annotations.common.Version   : HCANN000001: Hibernate Commons Annotations {5.1.2.Final}
2021-12-09 09:34:03.540  INFO 2684 --- [    Test worker] com.zaxxer.hikari.HikariDataSource       : HikariPool-1 - Starting...
2021-12-09 09:34:04.066  INFO 2684 --- [    Test worker] com.zaxxer.hikari.HikariDataSource       : HikariPool-1 - Start completed.
2021-12-09 09:34:04.132  INFO 2684 --- [    Test worker] org.hibernate.dialect.Dialect            : HHH000400: Using dialect: org.hibernate.dialect.PostgreSQL9Dialect
2021-12-09 09:34:06.287  INFO 2684 --- [    Test worker] o.h.e.t.j.p.i.JtaPlatformInitiator       : HHH000490: Using JtaPlatform implementation: [org.hibernate.engine.transaction.jta.platform.internal.NoJtaPlatform]
2021-12-09 09:34:06.307  INFO 2684 --- [    Test worker] j.LocalContainerEntityManagerFactoryBean : Initialized JPA EntityManagerFactory for persistence unit 'default'
2021-12-09 09:34:06.314  INFO 2684 --- [    Test worker] f.a.AutowiredAnnotationBeanPostProcessor : Autowired annotation is not supported on static methods: public static void com.mindhub.homebanking.HomebankingApplication.main(java.lang.String[])
2021-12-09 09:34:07.626  WARN 2684 --- [    Test worker] JpaBaseConfiguration$JpaWebConfiguration : spring.jpa.open-in-view is enabled by default. Therefore, database queries may be performed during view rendering. Explicitly configure spring.jpa.open-in-view to disable this warning
2021-12-09 09:34:08.836  INFO 2684 --- [    Test worker] o.s.s.web.DefaultSecurityFilterChain     : Will secure any request with [org.springframework.security.web.context.request.async.WebAsyncManagerIntegrationFilter@180139c, org.springframework.security.web.context.SecurityContextPersistenceFilter@4531fdcb, org.springframework.security.web.header.HeaderWriterFilter@5763d1c8, org.springframework.security.web.authentication.logout.LogoutFilter@6cfe64f4, org.springframework.security.web.authentication.UsernamePasswordAuthenticationFilter@4a8f9c5e, org.springframework.security.web.savedrequest.RequestCacheAwareFilter@6cdf6651, org.springframework.security.web.servletapi.SecurityContextHolderAwareRequestFilter@14a94a7e, org.springframework.security.web.authentication.AnonymousAuthenticationFilter@9d30cf2, org.springframework.security.web.session.SessionManagementFilter@151f34f9, org.springframework.security.web.access.ExceptionTranslationFilter@6fdc80f8, org.springframework.security.web.access.intercept.FilterSecurityInterceptor@1e26cc1d]
2021-12-09 09:34:10.667  INFO 2684 --- [    Test worker] com.mindhub.homebanking.CardUtilsTests   : Started CardUtilsTests in 12.988 seconds (JVM running for 15.526)
]]></system-out>
  <system-err><![CDATA[]]></system-err>
</testsuite>
